  main.cpp
c:\users\users-1231\documents\visual studio 2015\projects\game\game\map.h(38): warning C4244: 'argument': conversion from 'time_t' to 'unsigned int', possible loss of data
c:\users\users-1231\documents\visual studio 2015\projects\game\game\main.cpp(32): warning C4244: 'argument': conversion from 'float' to 'int', possible loss of data
c:\users\users-1231\documents\visual studio 2015\projects\game\game\main.cpp(57): warning C4244: 'initializing': conversion from 'float' to 'int', possible loss of data
c:\users\users-1231\documents\visual studio 2015\projects\game\game\main.cpp(58): warning C4244: 'initializing': conversion from 'float' to 'int', possible loss of data
c:\users\users-1231\documents\visual studio 2015\projects\game\game\main.cpp(68): warning C4244: '=': conversion from 'int' to 'float', possible loss of data
c:\users\users-1231\documents\visual studio 2015\projects\game\game\main.cpp(76): warning C4244: '=': conversion from 'int' to 'float', possible loss of data
c:\users\users-1231\documents\visual studio 2015\projects\game\game\main.cpp(139): warning C4244: 'initializing': conversion from 'sf::Int64' to 'float', possible loss of data
c:\users\users-1231\documents\visual studio 2015\projects\game\game\main.cpp(140): warning C4244: '=': conversion from 'float' to 'int', possible loss of data
c:\users\users-1231\documents\visual studio 2015\projects\game\game\main.cpp(143): warning C4305: 'argument': truncation from 'double' to 'float'
c:\users\users-1231\documents\visual studio 2015\projects\game\game\main.cpp(163): warning C4305: '=': truncation from 'double' to 'float'
c:\users\users-1231\documents\visual studio 2015\projects\game\game\main.cpp(164): warning C4244: '+=': conversion from 'double' to 'float', possible loss of data
c:\users\users-1231\documents\visual studio 2015\projects\game\game\main.cpp(170): warning C4305: '=': truncation from 'double' to 'float'
c:\users\users-1231\documents\visual studio 2015\projects\game\game\main.cpp(171): warning C4244: '+=': conversion from 'double' to 'float', possible loss of data
c:\users\users-1231\documents\visual studio 2015\projects\game\game\main.cpp(177): warning C4305: '=': truncation from 'double' to 'float'
c:\users\users-1231\documents\visual studio 2015\projects\game\game\main.cpp(178): warning C4244: '+=': conversion from 'double' to 'float', possible loss of data
c:\users\users-1231\documents\visual studio 2015\projects\game\game\main.cpp(184): warning C4305: '=': truncation from 'double' to 'float'
c:\users\users-1231\documents\visual studio 2015\projects\game\game\main.cpp(185): warning C4244: '+=': conversion from 'double' to 'float', possible loss of data
c:\users\users-1231\documents\visual studio 2015\projects\game\game\main.cpp(192): warning C4244: '+=': conversion from 'float' to 'int', possible loss of data
c:\users\users-1231\documents\visual studio 2015\projects\game\game\main.cpp(215): warning C4244: 'argument': conversion from 'int' to 'float', possible loss of data
  game.vcxproj -> C:\Users\Users-1231\Documents\Visual Studio 2015\Projects\game\Debug\game.exe
  game.vcxproj -> C:\Users\Users-1231\Documents\Visual Studio 2015\Projects\game\Debug\game.pdb (Partial PDB)
